<?xml version="1.0" encoding="UTF-8"?>
<!-- Generated by org.testng.reporters.JUnitXMLReporter -->
<testsuite hostname="apzz0928-PC" tests="31" failures="1" timestamp="24 Oct 2017 01:54:03 GMT" time="310.78" errors="0">
  <testcase name="Login" time="4.118" classname="authMng_Selenide"/>
  <testcase name="authorityMenu_groupOrder" time="6.038" classname="authMng_Selenide"/>
  <testcase name="authorityMenu_keywordSearch" time="0.84" classname="authMng_Selenide"/>
  <testcase name="authorityMenu_detailMenu_add" time="3.066" classname="authMng_Selenide"/>
  <testcase name="authorityMenu_detailMenu_menuOrder" time="3.67" classname="authMng_Selenide"/>
  <testcase name="authorityMenu_detailMenu_edit" time="2.773" classname="authMng_Selenide"/>
  <testcase name="authorityMenu_detailMenu_del" time="1.757" classname="authMng_Selenide"/>
  <testcase name="authorityGroupMng_Menu" time="7.877" classname="authMng_Selenide"/>
  <testcase name="authorityGroupMng_Member" time="4.148" classname="authMng_Selenide"/>
  <testcase name="groupListByAdmin" time="8.972" classname="authMng_Selenide"/>
  <testcase name="ctActionLog" time="61.334" classname="authMng_Selenide">
    <failure type="com.codeborne.selenide.ex.ElementNotFound" message="Element not found {.uid_ctactionlog_parameter}
Expected: visible">
      <![CDATA[Element not found {.uid_ctactionlog_parameter}
Expected: visible
Screenshot: file:/D:/Selenium/Selenium%20Trials/SonarTest/build/reports/tests/1508809843854.0.png
Page source: file:/D:/Selenium/Selenium%20Trials/SonarTest/build/reports/tests/1508809843854.0.html
Timeout: 60 s.
Caused by: NoSuchElementException: Unable to locate element: .uid_ctactionlog_parameter
	at com.codeborne.selenide.impl.WebElementSource.createElementNotFoundError(WebElementSource.java:31)
	at com.codeborne.selenide.impl.ElementFinder.createElementNotFoundError(ElementFinder.java:82)
	at com.codeborne.selenide.impl.WebElementSource.checkCondition(WebElementSource.java:59)
	at com.codeborne.selenide.commands.Should.should(Should.java:35)
	at com.codeborne.selenide.commands.Should.execute(Should.java:29)
	at com.codeborne.selenide.commands.Should.execute(Should.java:12)
	at com.codeborne.selenide.commands.Commands.execute(Commands.java:143)
	at com.codeborne.selenide.impl.SelenideElementProxy.dispatchAndRetry(SelenideElementProxy.java:87)
	at com.codeborne.selenide.impl.SelenideElementProxy.invoke(SelenideElementProxy.java:63)
	at com.sun.proxy.$Proxy5.waitUntil(Unknown Source)
	at authMng_Selenide.ctActionLog(authMng_Selenide.java:210)
Caused by: org.openqa.selenium.NoSuchElementException: Unable to locate element: .uid_ctactionlog_parameter
For documentation on this error, please visit: http://seleniumhq.org/exceptions/no_such_element.html
Build info: version: '3.4.0', revision: 'unknown', time: 'unknown'
System info: host: 'APZZ0928-PC', ip: '10.10.105.228', os.name: 'Windows 10', os.arch: 'amd64', os.version: '10.0', java.version: '1.8.0_151'
Driver info: org.openqa.selenium.firefox.FirefoxDriver
Capabilities [{moz:profile=C:\Users\Administrator\AppData\Local\Temp\rust_mozprofile.2zXLGlqirgJT, rotatable=false, timeouts={implicit=0.0, pageLoad=300000.0, script=30000.0}, pageLoadStrategy=normal, moz:headless=false, platform=ANY, specificationLevel=0.0, moz:accessibilityChecks=false, acceptInsecureCerts=true, browserVersion=56.0, platformVersion=10.0, moz:processID=19252.0, browserName=firefox, javascriptEnabled=true, platformName=windows_nt}]
Session ID: 7e312d51-54de-42bd-8c13-b845535dec37
*** Element info: {Using=css selector, value=.uid_ctactionlog_parameter}
Command duration or timeout: 0 milliseconds
	at org.openqa.selenium.remote.ErrorHandler.createThrowable(ErrorHandler.java:215)
	at org.openqa.selenium.remote.ErrorHandler.throwIfResponseFailed(ErrorHandler.java:167)
	at org.openqa.selenium.remote.http.JsonHttpResponseCodec.reconstructValue(JsonHttpResponseCodec.java:40)
	at org.openqa.selenium.remote.http.AbstractHttpResponseCodec.decode(AbstractHttpResponseCodec.java:82)
	at org.openqa.selenium.remote.http.AbstractHttpResponseCodec.decode(AbstractHttpResponseCodec.java:45)
	at org.openqa.selenium.remote.HttpCommandExecutor.execute(HttpCommandExecutor.java:164)
	at org.openqa.selenium.remote.RemoteWebDriver.execute(RemoteWebDriver.java:646)
	at org.openqa.selenium.remote.RemoteWebDriver.findElement(RemoteWebDriver.java:416)
	at org.openqa.selenium.remote.RemoteWebDriver.findElementByCssSelector(RemoteWebDriver.java:510)
	at org.openqa.selenium.By$ByCssSelector.findElement(By.java:430)
	at org.openqa.selenium.remote.RemoteWebDriver.findElement(RemoteWebDriver.java:408)
	at com.codeborne.selenide.impl.WebElementSelector.findElement(WebElementSelector.java:28)
	at com.codeborne.selenide.impl.ElementFinder.getWebElement(ElementFinder.java:56)
	at com.codeborne.selenide.impl.WebElementSource.checkCondition(WebElementSource.java:44)
	... 35 more
Caused by: org.openqa.selenium.remote.ScreenshotException: Screen shot has been taken
	at org.openqa.selenium.remote.ErrorHandler.throwIfResponseFailed(ErrorHandler.java:141)
	... 47 more
Caused by: org.openqa.selenium.NoSuchElementException: Unable to locate element: .uid_ctactionlog_parameter
For documentation on this error, please visit: http://seleniumhq.org/exceptions/no_such_element.html
Build info: version: '3.4.0', revision: 'unknown', time: 'unknown'
System info: host: 'APZZ0928-PC', ip: '10.10.105.228', os.name: 'Windows 10', os.arch: 'amd64', os.version: '10.0', java.version: '1.8.0_151'
Driver info: org.openqa.selenium.firefox.FirefoxDriver
Capabilities [{moz:profile=C:\Users\Administrator\AppData\Local\Temp\rust_mozprofile.2zXLGlqirgJT, rotatable=false, timeouts={implicit=0.0, pageLoad=300000.0, script=30000.0}, pageLoadStrategy=normal, moz:headless=false, platform=ANY, specificationLevel=0.0, moz:accessibilityChecks=false, acceptInsecureCerts=true, browserVersion=56.0, platformVersion=10.0, moz:processID=19252.0, browserName=firefox, javascriptEnabled=true, platformName=windows_nt}]
Session ID: 7e312d51-54de-42bd-8c13-b845535dec37
*** Element info: {Using=css selector, value=.uid_ctactionlog_parameter}
For documentation on this error, please visit: http://seleniumhq.org/exceptions/no_such_element.html
Build info: version: '3.5.3', revision: 'a88d25fe6b', time: '2017-08-29T12:42:44.417Z'
System info: host: 'APZZ0928-PC', ip: '10.10.105.228', os.name: 'Windows 10', os.arch: 'amd64', os.version: '10.0', java.version: '1.8.0_131'
Driver info: driver.version: EventFiringWebDriver
	at org.openqa.selenium.remote.http.W3CHttpResponseCodec.createException(W3CHttpResponseCodec.java:150)
	at org.openqa.selenium.remote.http.W3CHttpResponseCodec.decode(W3CHttpResponseCodec.java:115)
	at org.openqa.selenium.remote.http.W3CHttpResponseCodec.decode(W3CHttpResponseCodec.java:45)
	at org.openqa.selenium.remote.HttpCommandExecutor.execute(HttpCommandExecutor.java:164)
	at org.openqa.selenium.remote.service.DriverCommandExecutor.execute(DriverCommandExecutor.java:82)
	at org.openqa.selenium.remote.RemoteWebDriver.execute(RemoteWebDriver.java:637)
	at org.openqa.selenium.remote.RemoteWebDriver.findElement(RemoteWebDriver.java:410)
	at org.openqa.selenium.remote.RemoteWebDriver.findElementByCssSelector(RemoteWebDriver.java:501)
	at org.openqa.selenium.By$ByCssSelector.findElement(By.java:430)
	at org.openqa.selenium.remote.RemoteWebDriver.findElement(RemoteWebDriver.java:402)
	at org.openqa.selenium.support.events.EventFiringWebDriver$2.invoke(EventFiringWebDriver.java:104)
	at com.sun.proxy.$Proxy6.findElement(Unknown Source)
	at org.openqa.selenium.support.events.EventFiringWebDriver.findElement(EventFiringWebDriver.java:188)
	at org.openqa.selenium.remote.server.handler.FindElement.call(FindElement.java:48)
	at org.openqa.selenium.remote.server.handler.FindElement.call(FindElement.java:33)
	at java.util.concurrent.FutureTask.run(Unknown Source)
	at org.openqa.selenium.remote.server.DefaultSession$1.run(DefaultSession.java:176)
	at java.util.concurrent.ThreadPoolExecutor.runWorker(Unknown Source)
	at java.util.concurrent.ThreadPoolExecutor$Worker.run(Unknown Source)
	at java.lang.Thread.run(Unknown Source)
... Removed 36 stack frames]]>
    </failure>
  </testcase> <!-- ctActionLog -->
  <testcase name="ctMember_addMember_add" time="3.377" classname="authMng_Selenide"/>
  <testcase name="ctMember_addMember_edit" time="2.61" classname="authMng_Selenide"/>
  <testcase name="ctMember_addMember_resetPW_del" time="3.709" classname="authMng_Selenide"/>
  <testcase name="Login" time="3.66" classname="gameAccountMng_Selenide"/>
  <testcase name="accountSearch" time="6.948" classname="gameAccountMng_Selenide"/>
  <testcase name="accountBlock" time="38.468" classname="gameAccountMng_Selenide"/>
  <testcase name="Login" time="4.065" classname="gameMng_Selenide"/>
  <testcase name="systemMessage" time="15.911" classname="gameMng_Selenide"/>
  <testcase name="ingameNotice_add" time="7.378" classname="gameMng_Selenide"/>
  <testcase name="ingameNotice_statusChange" time="8.684" classname="gameMng_Selenide"/>
  <testcase name="semdMail" time="7.633" classname="gameMng_Selenide"/>
  <testcase name="kickUser" time="3.426" classname="gameMng_Selenide"/>
  <testcase name="mailout" time="2.648" classname="gameMng_Selenide"/>
  <testcase name="burningEvent" time="10.266" classname="gameMng_Selenide"/>
  <testcase name="serverStatus" time="11.437" classname="gameMng_Selenide"/>
  <testcase name="limitDrop" time="11.171" classname="gameMng_Selenide"/>
  <testcase name="ingameGuide" time="9.967" classname="gameMng_Selenide"/>
  <testcase name="onlineUser" time="3.955" classname="gameMng_Selenide"/>
  <testcase name="slangWord" time="20.265" classname="gameMng_Selenide"/>
  <testcase name="pvpSchedule" time="13.62" classname="gameMng_Selenide"/>
</testsuite>
